/Users/makoto/Library/Python/3.9/lib/python/site-packages/urllib3/__init__.py:35: NotOpenSSLWarning: urllib3 v2 only supports OpenSSL 1.1.1+, currently the 'ssl' module is compiled with 'LibreSSL 2.8.3'. See: https://github.com/urllib3/urllib3/issues/3020
  warnings.warn(
Generating 300 Moonbirds, starting at CHUM-04346
[1/300] CHUM-04346 (Moonbird #7707)... Loading /var/folders/2c/620mgbc96jjc9jrn3t8qpr5m0000gn/T/tmpn6m6jivw/7707.png...
Building ASCII grid (80 cols)...
Grid: 80x40
Rendering 60 frames at 1080x1080...
Thumbnail: /var/folders/2c/620mgbc96jjc9jrn3t8qpr5m0000gn/T/tmpn6m6jivw/CHUM-04346.png (171KB)
  Frame 10/60
  Frame 20/60
  Frame 30/60
  Frame 40/60
  Frame 50/60
  Frame 60/60
Encoding MP4 (15fps)...
MP4: /var/folders/2c/620mgbc96jjc9jrn3t8qpr5m0000gn/T/tmpn6m6jivw/CHUM-04346.mp4 (4228KB / 4.13MB)
Done!
OK (4228KB)
[2/300] CHUM-04347 (Moonbird #8111)... Loading /var/folders/2c/620mgbc96jjc9jrn3t8qpr5m0000gn/T/tmpftnbf2wy/8111.png...
Building ASCII grid (80 cols)...
Grid: 80x40
Rendering 60 frames at 1080x1080...
Thumbnail: /var/folders/2c/620mgbc96jjc9jrn3t8qpr5m0000gn/T/tmpftnbf2wy/CHUM-04347.png (172KB)
  Frame 10/60
  Frame 20/60
  Frame 30/60
  Frame 40/60
  Frame 50/60
  Frame 60/60
Encoding MP4 (15fps)...
MP4: /var/folders/2c/620mgbc96jjc9jrn3t8qpr5m0000gn/T/tmpftnbf2wy/CHUM-04347.mp4 (3950KB / 3.86MB)
Done!
OK (3950KB)
[3/300] CHUM-04348 (Moonbird #3166)... Loading /var/folders/2c/620mgbc96jjc9jrn3t8qpr5m0000gn/T/tmpnh8_it3w/3166.png...
Building ASCII grid (80 cols)...
Grid: 80x40
Rendering 60 frames at 1080x1080...
Thumbnail: /var/folders/2c/620mgbc96jjc9jrn3t8qpr5m0000gn/T/tmpnh8_it3w/CHUM-04348.png (257KB)
  Frame 10/60
  Frame 20/60
  Frame 30/60
  Frame 40/60
  Frame 50/60
  Frame 60/60
Encoding MP4 (15fps)...
MP4: /var/folders/2c/620mgbc96jjc9jrn3t8qpr5m0000gn/T/tmpnh8_it3w/CHUM-04348.mp4 (4376KB / 4.27MB)
Done!
OK (4375KB)
[4/300] CHUM-04349 (Moonbird #1042)... Loading /var/folders/2c/620mgbc96jjc9jrn3t8qpr5m0000gn/T/tmptmw9g8n3/1042.png...
Building ASCII grid (80 cols)...
Grid: 80x40
Rendering 60 frames at 1080x1080...
Thumbnail: /var/folders/2c/620mgbc96jjc9jrn3t8qpr5m0000gn/T/tmptmw9g8n3/CHUM-04349.png (153KB)
  Frame 10/60
  Frame 20/60
  Frame 30/60
  Frame 40/60
  Frame 50/60
  Frame 60/60
Encoding MP4 (15fps)...
MP4: /var/folders/2c/620mgbc96jjc9jrn3t8qpr5m0000gn/T/tmptmw9g8n3/CHUM-04349.mp4 (3486KB / 3.40MB)
Done!
OK (3485KB)
[5/300] CHUM-04350 (Moonbird #7945)... Loading /var/folders/2c/620mgbc96jjc9jrn3t8qpr5m0000gn/T/tmprmt7_brk/7945.png...
Building ASCII grid (80 cols)...
Grid: 80x40
Rendering 60 frames at 1080x1080...
Thumbnail: /var/folders/2c/620mgbc96jjc9jrn3t8qpr5m0000gn/T/tmprmt7_brk/CHUM-04350.png (229KB)
  Frame 10/60
  Frame 20/60
  Frame 30/60
  Frame 40/60
  Frame 50/60
  Frame 60/60
Encoding MP4 (15fps)...
MP4: /var/folders/2c/620mgbc96jjc9jrn3t8qpr5m0000gn/T/tmprmt7_brk/CHUM-04350.mp4 (4117KB / 4.02MB)
Done!
OK (4116KB)
[6/300] CHUM-04351 (Moonbird #1691)... Loading /var/folders/2c/620mgbc96jjc9jrn3t8qpr5m0000gn/T/tmp0igxmmqx/1691.png...
Building ASCII grid (80 cols)...
Grid: 80x40
Rendering 60 frames at 1080x1080...
Thumbnail: /var/folders/2c/620mgbc96jjc9jrn3t8qpr5m0000gn/T/tmp0igxmmqx/CHUM-04351.png (206KB)
  Frame 10/60
  Frame 20/60
  Frame 30/60
  Frame 40/60
  Frame 50/60
  Frame 60/60
Encoding MP4 (15fps)...
MP4: /var/folders/2c/620mgbc96jjc9jrn3t8qpr5m0000gn/T/tmp0igxmmqx/CHUM-04351.mp4 (4114KB / 4.02MB)
Done!
OK (4114KB)
[7/300] CHUM-04352 (Moonbird #7995)... Loading /var/folders/2c/620mgbc96jjc9jrn3t8qpr5m0000gn/T/tmp1oqhtiiu/7995.png...
Building ASCII grid (80 cols)...
Grid: 80x40
Rendering 60 frames at 1080x1080...
Thumbnail: /var/folders/2c/620mgbc96jjc9jrn3t8qpr5m0000gn/T/tmp1oqhtiiu/CHUM-04352.png (257KB)
  Frame 10/60
  Frame 20/60
  Frame 30/60
  Frame 40/60
  Frame 50/60
  Frame 60/60
Encoding MP4 (15fps)...
MP4: /var/folders/2c/620mgbc96jjc9jrn3t8qpr5m0000gn/T/tmp1oqhtiiu/CHUM-04352.mp4 (4288KB / 4.19MB)
Done!
OK (4288KB)
[8/300] CHUM-04353 (Moonbird #7391)... Loading /var/folders/2c/620mgbc96jjc9jrn3t8qpr5m0000gn/T/tmpvvh0_yqd/7391.png...
Building ASCII grid (80 cols)...
Grid: 80x40
Rendering 60 frames at 1080x1080...
Thumbnail: /var/folders/2c/620mgbc96jjc9jrn3t8qpr5m0000gn/T/tmpvvh0_yqd/CHUM-04353.png (190KB)
  Frame 10/60
  Frame 20/60
  Frame 30/60
  Frame 40/60
  Frame 50/60
  Frame 60/60
Encoding MP4 (15fps)...
MP4: /var/folders/2c/620mgbc96jjc9jrn3t8qpr5m0000gn/T/tmpvvh0_yqd/CHUM-04353.mp4 (3970KB / 3.88MB)
Done!
OK (3969KB)
[9/300] CHUM-04354 (Moonbird #8876)... Loading /var/folders/2c/620mgbc96jjc9jrn3t8qpr5m0000gn/T/tmp38c1bdiy/8876.png...
Building ASCII grid (80 cols)...
Grid: 80x40
Rendering 60 frames at 1080x1080...
Thumbnail: /var/folders/2c/620mgbc96jjc9jrn3t8qpr5m0000gn/T/tmp38c1bdiy/CHUM-04354.png (249KB)
  Frame 10/60
  Frame 20/60
  Frame 30/60
  Frame 40/60
  Frame 50/60
  Frame 60/60
Encoding MP4 (15fps)...
MP4: /var/folders/2c/620mgbc96jjc9jrn3t8qpr5m0000gn/T/tmp38c1bdiy/CHUM-04354.mp4 (4430KB / 4.33MB)
Done!
OK (4429KB)
[10/300] CHUM-04355 (Moonbird #892)... Loading /var/folders/2c/620mgbc96jjc9jrn3t8qpr5m0000gn/T/tmpi05a51qu/892.png...
Building ASCII grid (80 cols)...
Grid: 80x40
Rendering 60 frames at 1080x1080...
Thumbnail: /var/folders/2c/620mgbc96jjc9jrn3t8qpr5m0000gn/T/tmpi05a51qu/CHUM-04355.png (243KB)
  Frame 10/60
  Frame 20/60
  Frame 30/60
  Frame 40/60
  Frame 50/60
  Frame 60/60
Encoding MP4 (15fps)...
MP4: /var/folders/2c/620mgbc96jjc9jrn3t8qpr5m0000gn/T/tmpi05a51qu/CHUM-04355.mp4 (4612KB / 4.50MB)
Done!
OK (4612KB)
[11/300] CHUM-04356 (Moonbird #8451)... Loading /var/folders/2c/620mgbc96jjc9jrn3t8qpr5m0000gn/T/tmpmaxc8p1x/8451.png...
Building ASCII grid (80 cols)...
Grid: 80x40
Rendering 60 frames at 1080x1080...
Thumbnail: /var/folders/2c/620mgbc96jjc9jrn3t8qpr5m0000gn/T/tmpmaxc8p1x/CHUM-04356.png (211KB)
  Frame 10/60
  Frame 20/60
  Frame 30/60
  Frame 40/60
  Frame 50/60
  Frame 60/60
Encoding MP4 (15fps)...
MP4: /var/folders/2c/620mgbc96jjc9jrn3t8qpr5m0000gn/T/tmpmaxc8p1x/CHUM-04356.mp4 (4024KB / 3.93MB)
Done!
OK (4024KB)
[12/300] CHUM-04357 (Moonbird #6334)... Loading /var/folders/2c/620mgbc96jjc9jrn3t8qpr5m0000gn/T/tmpb8v8onx0/6334.png...
Building ASCII grid (80 cols)...
Grid: 80x40
Rendering 60 frames at 1080x1080...
Thumbnail: /var/folders/2c/620mgbc96jjc9jrn3t8qpr5m0000gn/T/tmpb8v8onx0/CHUM-04357.png (200KB)
  Frame 10/60
  Frame 20/60
  Frame 30/60
  Frame 40/60
  Frame 50/60
  Frame 60/60
Encoding MP4 (15fps)...
MP4: /var/folders/2c/620mgbc96jjc9jrn3t8qpr5m0000gn/T/tmpb8v8onx0/CHUM-04357.mp4 (3964KB / 3.87MB)
Done!
OK (3964KB)
[13/300] CHUM-04358 (Moonbird #7705)... Loading /var/folders/2c/620mgbc96jjc9jrn3t8qpr5m0000gn/T/tmp2bdc3b1k/7705.png...
Building ASCII grid (80 cols)...
Grid: 80x40
Rendering 60 frames at 1080x1080...
Thumbnail: /var/folders/2c/620mgbc96jjc9jrn3t8qpr5m0000gn/T/tmp2bdc3b1k/CHUM-04358.png (177KB)
  Frame 10/60
  Frame 20/60
  Frame 30/60
  Frame 40/60
  Frame 50/60
  Frame 60/60
Encoding MP4 (15fps)...
MP4: /var/folders/2c/620mgbc96jjc9jrn3t8qpr5m0000gn/T/tmp2bdc3b1k/CHUM-04358.mp4 (4202KB / 4.10MB)
Done!
OK (4201KB)
[14/300] CHUM-04359 (Moonbird #1064)... Loading /var/folders/2c/620mgbc96jjc9jrn3t8qpr5m0000gn/T/tmp5oo2mny9/1064.png...
Building ASCII grid (80 cols)...
Grid: 80x40
Rendering 60 frames at 1080x1080...
Thumbnail: /var/folders/2c/620mgbc96jjc9jrn3t8qpr5m0000gn/T/tmp5oo2mny9/CHUM-04359.png (261KB)
  Frame 10/60
  Frame 20/60
  Frame 30/60
  Frame 40/60
  Frame 50/60
  Frame 60/60
Encoding MP4 (15fps)...
MP4: /var/folders/2c/620mgbc96jjc9jrn3t8qpr5m0000gn/T/tmp5oo2mny9/CHUM-04359.mp4 (4859KB / 4.75MB)
Done!
OK (4859KB)
[15/300] CHUM-04360 (Moonbird #573)... Loading /var/folders/2c/620mgbc96jjc9jrn3t8qpr5m0000gn/T/tmp6d7xnbrs/573.png...
Building ASCII grid (80 cols)...
Grid: 80x40
Rendering 60 frames at 1080x1080...
Thumbnail: /var/folders/2c/620mgbc96jjc9jrn3t8qpr5m0000gn/T/tmp6d7xnbrs/CHUM-04360.png (221KB)
  Frame 10/60
  Frame 20/60
  Frame 30/60
  Frame 40/60
  Frame 50/60
  Frame 60/60
Encoding MP4 (15fps)...
MP4: /var/folders/2c/620mgbc96jjc9jrn3t8qpr5m0000gn/T/tmp6d7xnbrs/CHUM-04360.mp4 (3924KB / 3.83MB)
Done!
OK (3924KB)
[16/300] CHUM-04361 (Moonbird #6860)... Loading /var/folders/2c/620mgbc96jjc9jrn3t8qpr5m0000gn/T/tmpgp4pdw9b/6860.png...
Building ASCII grid (80 cols)...
Grid: 80x40
Rendering 60 frames at 1080x1080...
Thumbnail: /var/folders/2c/620mgbc96jjc9jrn3t8qpr5m0000gn/T/tmpgp4pdw9b/CHUM-04361.png (182KB)
  Frame 10/60
  Frame 20/60
  Frame 30/60
  Frame 40/60
  Frame 50/60
  Frame 60/60
Encoding MP4 (15fps)...
MP4: /var/folders/2c/620mgbc96jjc9jrn3t8qpr5m0000gn/T/tmpgp4pdw9b/CHUM-04361.mp4 (3971KB / 3.88MB)
Done!
OK (3970KB)
[17/300] CHUM-04362 (Moonbird #1966)... Loading /var/folders/2c/620mgbc96jjc9jrn3t8qpr5m0000gn/T/tmpwr4flyo6/1966.png...
Building ASCII grid (80 cols)...
Grid: 80x40
Rendering 60 frames at 1080x1080...
Thumbnail: /var/folders/2c/620mgbc96jjc9jrn3t8qpr5m0000gn/T/tmpwr4flyo6/CHUM-04362.png (233KB)
  Frame 10/60
  Frame 20/60
  Frame 30/60
  Frame 40/60
  Frame 50/60
  Frame 60/60
Encoding MP4 (15fps)...
MP4: /var/folders/2c/620mgbc96jjc9jrn3t8qpr5m0000gn/T/tmpwr4flyo6/CHUM-04362.mp4 (4871KB / 4.76MB)
Done!
OK (4870KB)
[18/300] CHUM-04363 (Moonbird #3908)... Loading /var/folders/2c/620mgbc96jjc9jrn3t8qpr5m0000gn/T/tmp2mxctl1j/3908.png...
Building ASCII grid (80 cols)...
Grid: 80x40
Rendering 60 frames at 1080x1080...
Thumbnail: /var/folders/2c/620mgbc96jjc9jrn3t8qpr5m0000gn/T/tmp2mxctl1j/CHUM-04363.png (200KB)
  Frame 10/60
  Frame 20/60
  Frame 30/60
  Frame 40/60
  Frame 50/60
  Frame 60/60
Encoding MP4 (15fps)...
MP4: /var/folders/2c/620mgbc96jjc9jrn3t8qpr5m0000gn/T/tmp2mxctl1j/CHUM-04363.mp4 (3956KB / 3.86MB)
Done!
OK (3955KB)
[19/300] CHUM-04364 (Moonbird #2256)... Loading /var/folders/2c/620mgbc96jjc9jrn3t8qpr5m0000gn/T/tmpzu5w8exu/2256.png...
Building ASCII grid (80 cols)...
Grid: 80x40
Rendering 60 frames at 1080x1080...
Thumbnail: /var/folders/2c/620mgbc96jjc9jrn3t8qpr5m0000gn/T/tmpzu5w8exu/CHUM-04364.png (179KB)
  Frame 10/60
  Frame 20/60
  Frame 30/60
  Frame 40/60
  Frame 50/60
  Frame 60/60
Encoding MP4 (15fps)...
MP4: /var/folders/2c/620mgbc96jjc9jrn3t8qpr5m0000gn/T/tmpzu5w8exu/CHUM-04364.mp4 (3786KB / 3.70MB)
Done!
OK (3786KB)
[20/300] CHUM-04365 (Moonbird #1269)... Loading /var/folders/2c/620mgbc96jjc9jrn3t8qpr5m0000gn/T/tmpdxep_kh9/1269.png...
Building ASCII grid (80 cols)...
Grid: 80x40
Rendering 60 frames at 1080x1080...
Thumbnail: /var/folders/2c/620mgbc96jjc9jrn3t8qpr5m0000gn/T/tmpdxep_kh9/CHUM-04365.png (187KB)
  Frame 10/60
  Frame 20/60
  Frame 30/60
  Frame 40/60
  Frame 50/60
  Frame 60/60
Encoding MP4 (15fps)...
MP4: /var/folders/2c/620mgbc96jjc9jrn3t8qpr5m0000gn/T/tmpdxep_kh9/CHUM-04365.mp4 (4125KB / 4.03MB)
Done!
OK (4124KB)
[21/300] CHUM-04366 (Moonbird #9661)... Loading /var/folders/2c/620mgbc96jjc9jrn3t8qpr5m0000gn/T/tmp4baqojyv/9661.png...
Building ASCII grid (80 cols)...
Grid: 80x40
Rendering 60 frames at 1080x1080...
Thumbnail: /var/folders/2c/620mgbc96jjc9jrn3t8qpr5m0000gn/T/tmp4baqojyv/CHUM-04366.png (217KB)
  Frame 10/60
  Frame 20/60
  Frame 30/60
  Frame 40/60
  Frame 50/60
  Frame 60/60
Encoding MP4 (15fps)...
MP4: /var/folders/2c/620mgbc96jjc9jrn3t8qpr5m0000gn/T/tmp4baqojyv/CHUM-04366.mp4 (4334KB / 4.23MB)
Done!
OK (4333KB)
[22/300] CHUM-04367 (Moonbird #5014)... Loading /var/folders/2c/620mgbc96jjc9jrn3t8qpr5m0000gn/T/tmp7szkldzy/5014.png...
Building ASCII grid (80 cols)...
Grid: 80x40
Rendering 60 frames at 1080x1080...
Thumbnail: /var/folders/2c/620mgbc96jjc9jrn3t8qpr5m0000gn/T/tmp7szkldzy/CHUM-04367.png (179KB)
  Frame 10/60
  Frame 20/60
  Frame 30/60
  Frame 40/60
  Frame 50/60
  Frame 60/60
Encoding MP4 (15fps)...
MP4: /var/folders/2c/620mgbc96jjc9jrn3t8qpr5m0000gn/T/tmp7szkldzy/CHUM-04367.mp4 (3778KB / 3.69MB)
Done!
OK (3777KB)
[23/300] CHUM-04368 (Moonbird #7409)... Loading /var/folders/2c/620mgbc96jjc9jrn3t8qpr5m0000gn/T/tmpss6jjkwi/7409.png...
Building ASCII grid (80 cols)...
Grid: 80x40
Rendering 60 frames at 1080x1080...
Thumbnail: /var/folders/2c/620mgbc96jjc9jrn3t8qpr5m0000gn/T/tmpss6jjkwi/CHUM-04368.png (199KB)
  Frame 10/60
  Frame 20/60
  Frame 30/60
  Frame 40/60
  Frame 50/60
  Frame 60/60
Encoding MP4 (15fps)...
MP4: /var/folders/2c/620mgbc96jjc9jrn3t8qpr5m0000gn/T/tmpss6jjkwi/CHUM-04368.mp4 (3707KB / 3.62MB)
Done!
OK (3706KB)
[24/300] CHUM-04369 (Moonbird #1247)... Loading /var/folders/2c/620mgbc96jjc9jrn3t8qpr5m0000gn/T/tmp4x1vw89e/1247.png...
Building ASCII grid (80 cols)...
Grid: 80x40
Rendering 60 frames at 1080x1080...
Thumbnail: /var/folders/2c/620mgbc96jjc9jrn3t8qpr5m0000gn/T/tmp4x1vw89e/CHUM-04369.png (229KB)
  Frame 10/60
  Frame 20/60
  Frame 30/60
  Frame 40/60
  Frame 50/60
  Frame 60/60
Encoding MP4 (15fps)...
MP4: /var/folders/2c/620mgbc96jjc9jrn3t8qpr5m0000gn/T/tmp4x1vw89e/CHUM-04369.mp4 (4321KB / 4.22MB)
Done!
OK (4320KB)
[25/300] CHUM-04370 (Moonbird #7383)... Loading /var/folders/2c/620mgbc96jjc9jrn3t8qpr5m0000gn/T/tmp5u9wvq54/7383.png...
Building ASCII grid (80 cols)...
Grid: 80x40
Rendering 60 frames at 1080x1080...
Thumbnail: /var/folders/2c/620mgbc96jjc9jrn3t8qpr5m0000gn/T/tmp5u9wvq54/CHUM-04370.png (213KB)
  Frame 10/60
  Frame 20/60
  Frame 30/60
  Frame 40/60
  Frame 50/60
  Frame 60/60
Encoding MP4 (15fps)...
MP4: /var/folders/2c/620mgbc96jjc9jrn3t8qpr5m0000gn/T/tmp5u9wvq54/CHUM-04370.mp4 (4161KB / 4.06MB)
Done!
OK (4160KB)
[26/300] CHUM-04371 (Moonbird #962)... Loading /var/folders/2c/620mgbc96jjc9jrn3t8qpr5m0000gn/T/tmpebxm8r58/962.png...
Building ASCII grid (80 cols)...
Grid: 80x40
Rendering 60 frames at 1080x1080...
Thumbnail: /var/folders/2c/620mgbc96jjc9jrn3t8qpr5m0000gn/T/tmpebxm8r58/CHUM-04371.png (287KB)
  Frame 10/60
  Frame 20/60
  Frame 30/60
  Frame 40/60
  Frame 50/60
  Frame 60/60
Encoding MP4 (15fps)...
MP4: /var/folders/2c/620mgbc96jjc9jrn3t8qpr5m0000gn/T/tmpebxm8r58/CHUM-04371.mp4 (4889KB / 4.77MB)
Done!
OK (4888KB)
[27/300] CHUM-04372 (Moonbird #2030)... Loading /var/folders/2c/620mgbc96jjc9jrn3t8qpr5m0000gn/T/tmpuhflv3nl/2030.png...
Building ASCII grid (80 cols)...
Grid: 80x40
Rendering 60 frames at 1080x1080...
Thumbnail: /var/folders/2c/620mgbc96jjc9jrn3t8qpr5m0000gn/T/tmpuhflv3nl/CHUM-04372.png (179KB)
  Frame 10/60
  Frame 20/60
  Frame 30/60
  Frame 40/60
  Frame 50/60
  Frame 60/60
Encoding MP4 (15fps)...
MP4: /var/folders/2c/620mgbc96jjc9jrn3t8qpr5m0000gn/T/tmpuhflv3nl/CHUM-04372.mp4 (3798KB / 3.71MB)
Done!
OK (3798KB)
[28/300] CHUM-04373 (Moonbird #2489)... Loading /var/folders/2c/620mgbc96jjc9jrn3t8qpr5m0000gn/T/tmpbq7aluro/2489.png...
Building ASCII grid (80 cols)...
Grid: 80x40
Rendering 60 frames at 1080x1080...
Thumbnail: /var/folders/2c/620mgbc96jjc9jrn3t8qpr5m0000gn/T/tmpbq7aluro/CHUM-04373.png (245KB)
  Frame 10/60
  Frame 20/60
  Frame 30/60
  Frame 40/60
  Frame 50/60
  Frame 60/60
Encoding MP4 (15fps)...
MP4: /var/folders/2c/620mgbc96jjc9jrn3t8qpr5m0000gn/T/tmpbq7aluro/CHUM-04373.mp4 (5152KB / 5.03MB)
Done!
OK (5152KB)
[29/300] CHUM-04374 (Moonbird #4548)... Loading /var/folders/2c/620mgbc96jjc9jrn3t8qpr5m0000gn/T/tmpnw52szl0/4548.png...
Building ASCII grid (80 cols)...
Grid: 80x40
Rendering 60 frames at 1080x1080...
Thumbnail: /var/folders/2c/620mgbc96jjc9jrn3t8qpr5m0000gn/T/tmpnw52szl0/CHUM-04374.png (196KB)
  Frame 10/60
  Frame 20/60
  Frame 30/60
  Frame 40/60
  Frame 50/60
  Frame 60/60
Encoding MP4 (15fps)...
MP4: /var/folders/2c/620mgbc96jjc9jrn3t8qpr5m0000gn/T/tmpnw52szl0/CHUM-04374.mp4 (4181KB / 4.08MB)
Done!
OK (4181KB)
[30/300] CHUM-04375 (Moonbird #3723)... Loading /var/folders/2c/620mgbc96jjc9jrn3t8qpr5m0000gn/T/tmpo38o7pge/3723.png...
Building ASCII grid (80 cols)...
Grid: 80x40
Rendering 60 frames at 1080x1080...
Thumbnail: /var/folders/2c/620mgbc96jjc9jrn3t8qpr5m0000gn/T/tmpo38o7pge/CHUM-04375.png (194KB)
  Frame 10/60
  Frame 20/60
  Frame 30/60
  Frame 40/60
  Frame 50/60
  Frame 60/60
Encoding MP4 (15fps)...
MP4: /var/folders/2c/620mgbc96jjc9jrn3t8qpr5m0000gn/T/tmpo38o7pge/CHUM-04375.mp4 (4193KB / 4.09MB)
Done!
OK (4193KB)
[31/300] CHUM-04376 (Moonbird #6559)... Loading /var/folders/2c/620mgbc96jjc9jrn3t8qpr5m0000gn/T/tmpbczcf0nm/6559.png...
Building ASCII grid (80 cols)...
Grid: 80x40
Rendering 60 frames at 1080x1080...
Thumbnail: /var/folders/2c/620mgbc96jjc9jrn3t8qpr5m0000gn/T/tmpbczcf0nm/CHUM-04376.png (173KB)
  Frame 10/60
  Frame 20/60
  Frame 30/60
  Frame 40/60
  Frame 50/60
  Frame 60/60
Encoding MP4 (15fps)...
MP4: /var/folders/2c/620mgbc96jjc9jrn3t8qpr5m0000gn/T/tmpbczcf0nm/CHUM-04376.mp4 (4175KB / 4.08MB)
Done!
OK (4175KB)
[32/300] CHUM-04377 (Moonbird #3573)... Loading /var/folders/2c/620mgbc96jjc9jrn3t8qpr5m0000gn/T/tmppp2kaqao/3573.png...
Building ASCII grid (80 cols)...
Grid: 80x40
Rendering 60 frames at 1080x1080...
Thumbnail: /var/folders/2c/620mgbc96jjc9jrn3t8qpr5m0000gn/T/tmppp2kaqao/CHUM-04377.png (184KB)
  Frame 10/60
  Frame 20/60
  Frame 30/60
  Frame 40/60
  Frame 50/60
  Frame 60/60
Encoding MP4 (15fps)...
MP4: /var/folders/2c/620mgbc96jjc9jrn3t8qpr5m0000gn/T/tmppp2kaqao/CHUM-04377.mp4 (4022KB / 3.93MB)
Done!
OK (4022KB)
[33/300] CHUM-04378 (Moonbird #3640)... Loading /var/folders/2c/620mgbc96jjc9jrn3t8qpr5m0000gn/T/tmp2plq_wt7/3640.png...
Building ASCII grid (80 cols)...
Grid: 80x40
Rendering 60 frames at 1080x1080...
Thumbnail: /var/folders/2c/620mgbc96jjc9jrn3t8qpr5m0000gn/T/tmp2plq_wt7/CHUM-04378.png (225KB)
  Frame 10/60
  Frame 20/60
  Frame 30/60
  Frame 40/60
  Frame 50/60
  Frame 60/60
Encoding MP4 (15fps)...
MP4: /var/folders/2c/620mgbc96jjc9jrn3t8qpr5m0000gn/T/tmp2plq_wt7/CHUM-04378.mp4 (4195KB / 4.10MB)
Done!
OK (4195KB)
[34/300] CHUM-04379 (Moonbird #2227)... Loading /var/folders/2c/620mgbc96jjc9jrn3t8qpr5m0000gn/T/tmpyt00mhew/2227.png...
Building ASCII grid (80 cols)...
Grid: 80x40
Rendering 60 frames at 1080x1080...
Thumbnail: /var/folders/2c/620mgbc96jjc9jrn3t8qpr5m0000gn/T/tmpyt00mhew/CHUM-04379.png (183KB)
  Frame 10/60
  Frame 20/60
  Frame 30/60
  Frame 40/60
  Frame 50/60
  Frame 60/60
Encoding MP4 (15fps)...
MP4: /var/folders/2c/620mgbc96jjc9jrn3t8qpr5m0000gn/T/tmpyt00mhew/CHUM-04379.mp4 (3655KB / 3.57MB)
Done!
OK (3654KB)
[35/300] CHUM-04380 (Moonbird #7703)... Loading /var/folders/2c/620mgbc96jjc9jrn3t8qpr5m0000gn/T/tmp3hxr47fc/7703.png...
Building ASCII grid (80 cols)...
Grid: 80x40
Rendering 60 frames at 1080x1080...
Thumbnail: /var/folders/2c/620mgbc96jjc9jrn3t8qpr5m0000gn/T/tmp3hxr47fc/CHUM-04380.png (180KB)
  Frame 10/60
  Frame 20/60
  Frame 30/60
  Frame 40/60
  Frame 50/60
  Frame 60/60
Encoding MP4 (15fps)...
MP4: /var/folders/2c/620mgbc96jjc9jrn3t8qpr5m0000gn/T/tmp3hxr47fc/CHUM-04380.mp4 (3779KB / 3.69MB)
Done!
OK (3779KB)
[36/300] CHUM-04381 (Moonbird #8278)... Loading /var/folders/2c/620mgbc96jjc9jrn3t8qpr5m0000gn/T/tmpjd18eu_n/8278.png...
Building ASCII grid (80 cols)...
Grid: 80x40
Rendering 60 frames at 1080x1080...
Thumbnail: /var/folders/2c/620mgbc96jjc9jrn3t8qpr5m0000gn/T/tmpjd18eu_n/CHUM-04381.png (186KB)
  Frame 10/60
  Frame 20/60
  Frame 30/60
  Frame 40/60
  Frame 50/60
  Frame 60/60
Encoding MP4 (15fps)...
MP4: /var/folders/2c/620mgbc96jjc9jrn3t8qpr5m0000gn/T/tmpjd18eu_n/CHUM-04381.mp4 (4011KB / 3.92MB)
Done!
OK (4010KB)
[37/300] CHUM-04382 (Moonbird #8657)... Loading /var/folders/2c/620mgbc96jjc9jrn3t8qpr5m0000gn/T/tmpztleq4rs/8657.png...
Building ASCII grid (80 cols)...
Grid: 80x40
Rendering 60 frames at 1080x1080...
Thumbnail: /var/folders/2c/620mgbc96jjc9jrn3t8qpr5m0000gn/T/tmpztleq4rs/CHUM-04382.png (224KB)
  Frame 10/60
  Frame 20/60
  Frame 30/60
  Frame 40/60
  Frame 50/60
  Frame 60/60
Encoding MP4 (15fps)...
MP4: /var/folders/2c/620mgbc96jjc9jrn3t8qpr5m0000gn/T/tmpztleq4rs/CHUM-04382.mp4 (4937KB / 4.82MB)
Done!
OK (4937KB)
[38/300] CHUM-04383 (Moonbird #9882)... Loading /var/folders/2c/620mgbc96jjc9jrn3t8qpr5m0000gn/T/tmph0xtz6py/9882.png...
Building ASCII grid (80 cols)...
Grid: 80x40
Rendering 60 frames at 1080x1080...
Thumbnail: /var/folders/2c/620mgbc96jjc9jrn3t8qpr5m0000gn/T/tmph0xtz6py/CHUM-04383.png (261KB)
  Frame 10/60
  Frame 20/60
  Frame 30/60
  Frame 40/60
  Frame 50/60
  Frame 60/60
Encoding MP4 (15fps)...
MP4: /var/folders/2c/620mgbc96jjc9jrn3t8qpr5m0000gn/T/tmph0xtz6py/CHUM-04383.mp4 (4133KB / 4.04MB)
Done!
OK (4133KB)
[39/300] CHUM-04384 (Moonbird #1665)... Loading /var/folders/2c/620mgbc96jjc9jrn3t8qpr5m0000gn/T/tmprurkr6_7/1665.png...
Building ASCII grid (80 cols)...
Grid: 80x40
Rendering 60 frames at 1080x1080...
Thumbnail: /var/folders/2c/620mgbc96jjc9jrn3t8qpr5m0000gn/T/tmprurkr6_7/CHUM-04384.png (208KB)
  Frame 10/60
  Frame 20/60
  Frame 30/60
  Frame 40/60
  Frame 50/60
  Frame 60/60
Encoding MP4 (15fps)...
MP4: /var/folders/2c/620mgbc96jjc9jrn3t8qpr5m0000gn/T/tmprurkr6_7/CHUM-04384.mp4 (3563KB / 3.48MB)
Done!
OK (3562KB)
[40/300] CHUM-04385 (Moonbird #9672)... Loading /var/folders/2c/620mgbc96jjc9jrn3t8qpr5m0000gn/T/tmpsdif1040/9672.png...
Building ASCII grid (80 cols)...
Grid: 80x40
Rendering 60 frames at 1080x1080...
Thumbnail: /var/folders/2c/620mgbc96jjc9jrn3t8qpr5m0000gn/T/tmpsdif1040/CHUM-04385.png (196KB)
  Frame 10/60
  Frame 20/60
  Frame 30/60
  Frame 40/60
  Frame 50/60
  Frame 60/60
Encoding MP4 (15fps)...
MP4: /var/folders/2c/620mgbc96jjc9jrn3t8qpr5m0000gn/T/tmpsdif1040/CHUM-04385.mp4 (4260KB / 4.16MB)
Done!
OK (4260KB)
[41/300] CHUM-04386 (Moonbird #5004)... Loading /var/folders/2c/620mgbc96jjc9jrn3t8qpr5m0000gn/T/tmpgc3yjggq/5004.png...
Building ASCII grid (80 cols)...
Grid: 80x40
Rendering 60 frames at 1080x1080...
Thumbnail: /var/folders/2c/620mgbc96jjc9jrn3t8qpr5m0000gn/T/tmpgc3yjggq/CHUM-04386.png (196KB)
  Frame 10/60
  Frame 20/60
  Frame 30/60
  Frame 40/60
  Frame 50/60
  Frame 60/60
Encoding MP4 (15fps)...
MP4: /var/folders/2c/620mgbc96jjc9jrn3t8qpr5m0000gn/T/tmpgc3yjggq/CHUM-04386.mp4 (4838KB / 4.72MB)
Done!
OK (4837KB)
[42/300] CHUM-04387 (Moonbird #2379)... Loading /var/folders/2c/620mgbc96jjc9jrn3t8qpr5m0000gn/T/tmpylexwb1w/2379.png...
Building ASCII grid (80 cols)...
Grid: 80x40
Rendering 60 frames at 1080x1080...
Thumbnail: /var/folders/2c/620mgbc96jjc9jrn3t8qpr5m0000gn/T/tmpylexwb1w/CHUM-04387.png (245KB)
  Frame 10/60
  Frame 20/60
  Frame 30/60
  Frame 40/60
  Frame 50/60
  Frame 60/60
Encoding MP4 (15fps)...
MP4: /var/folders/2c/620mgbc96jjc9jrn3t8qpr5m0000gn/T/tmpylexwb1w/CHUM-04387.mp4 (5054KB / 4.94MB)
Done!
OK (5053KB)
[43/300] CHUM-04388 (Moonbird #5561)... Loading /var/folders/2c/620mgbc96jjc9jrn3t8qpr5m0000gn/T/tmp4r11ro4b/5561.png...
Building ASCII grid (80 cols)...
Grid: 80x40
Rendering 60 frames at 1080x1080...
Thumbnail: /var/folders/2c/620mgbc96jjc9jrn3t8qpr5m0000gn/T/tmp4r11ro4b/CHUM-04388.png (189KB)
  Frame 10/60
  Frame 20/60
  Frame 30/60
  Frame 40/60
  Frame 50/60
  Frame 60/60
Encoding MP4 (15fps)...
MP4: /var/folders/2c/620mgbc96jjc9jrn3t8qpr5m0000gn/T/tmp4r11ro4b/CHUM-04388.mp4 (3938KB / 3.85MB)
Done!
OK (3937KB)
[44/300] CHUM-04389 (Moonbird #557)... Loading /var/folders/2c/620mgbc96jjc9jrn3t8qpr5m0000gn/T/tmpghddisw9/557.png...
Building ASCII grid (80 cols)...
Grid: 80x40
Rendering 60 frames at 1080x1080...
Thumbnail: /var/folders/2c/620mgbc96jjc9jrn3t8qpr5m0000gn/T/tmpghddisw9/CHUM-04389.png (179KB)
  Frame 10/60
  Frame 20/60
  Frame 30/60
  Frame 40/60
  Frame 50/60
  Frame 60/60
Encoding MP4 (15fps)...
MP4: /var/folders/2c/620mgbc96jjc9jrn3t8qpr5m0000gn/T/tmpghddisw9/CHUM-04389.mp4 (3875KB / 3.78MB)
Done!
OK (3875KB)
[45/300] CHUM-04390 (Moonbird #2008)... Loading /var/folders/2c/620mgbc96jjc9jrn3t8qpr5m0000gn/T/tmp058z6dd7/2008.png...
Building ASCII grid (80 cols)...
Grid: 80x40
Rendering 60 frames at 1080x1080...
Thumbnail: /var/folders/2c/620mgbc96jjc9jrn3t8qpr5m0000gn/T/tmp058z6dd7/CHUM-04390.png (194KB)
  Frame 10/60
  Frame 20/60
  Frame 30/60
  Frame 40/60
  Frame 50/60
  Frame 60/60
Encoding MP4 (15fps)...
MP4: /var/folders/2c/620mgbc96jjc9jrn3t8qpr5m0000gn/T/tmp058z6dd7/CHUM-04390.mp4 (4449KB / 4.35MB)
Done!
OK (4449KB)
[46/300] CHUM-04391 (Moonbird #2510)... Loading /var/folders/2c/620mgbc96jjc9jrn3t8qpr5m0000gn/T/tmp7etgqbx8/2510.png...
Building ASCII grid (80 cols)...
Grid: 80x40
Rendering 60 frames at 1080x1080...
Thumbnail: /var/folders/2c/620mgbc96jjc9jrn3t8qpr5m0000gn/T/tmp7etgqbx8/CHUM-04391.png (176KB)
  Frame 10/60
  Frame 20/60
  Frame 30/60
  Frame 40/60
  Frame 50/60
  Frame 60/60
Encoding MP4 (15fps)...
MP4: /var/folders/2c/620mgbc96jjc9jrn3t8qpr5m0000gn/T/tmp7etgqbx8/CHUM-04391.mp4 (3907KB / 3.82MB)
Done!
OK (3906KB)
[47/300] CHUM-04392 (Moonbird #2427)... Loading /var/folders/2c/620mgbc96jjc9jrn3t8qpr5m0000gn/T/tmpcs53l9lz/2427.png...
Building ASCII grid (80 cols)...
Grid: 80x40
Rendering 60 frames at 1080x1080...
Thumbnail: /var/folders/2c/620mgbc96jjc9jrn3t8qpr5m0000gn/T/tmpcs53l9lz/CHUM-04392.png (256KB)
  Frame 10/60
  Frame 20/60
  Frame 30/60
  Frame 40/60
  Frame 50/60
  Frame 60/60
Encoding MP4 (15fps)...
MP4: /var/folders/2c/620mgbc96jjc9jrn3t8qpr5m0000gn/T/tmpcs53l9lz/CHUM-04392.mp4 (4224KB / 4.12MB)
Done!
OK (4223KB)
[48/300] CHUM-04393 (Moonbird #1351)... Loading /var/folders/2c/620mgbc96jjc9jrn3t8qpr5m0000gn/T/tmp8i6ntm07/1351.png...
Building ASCII grid (80 cols)...
Grid: 80x40
Rendering 60 frames at 1080x1080...
Thumbnail: /var/folders/2c/620mgbc96jjc9jrn3t8qpr5m0000gn/T/tmp8i6ntm07/CHUM-04393.png (242KB)
  Frame 10/60
  Frame 20/60
  Frame 30/60
  Frame 40/60
  Frame 50/60
  Frame 60/60
Encoding MP4 (15fps)...
MP4: /var/folders/2c/620mgbc96jjc9jrn3t8qpr5m0000gn/T/tmp8i6ntm07/CHUM-04393.mp4 (4261KB / 4.16MB)
Done!
OK (4261KB)
[49/300] CHUM-04394 (Moonbird #7812)... Loading /var/folders/2c/620mgbc96jjc9jrn3t8qpr5m0000gn/T/tmph2iicinw/7812.png...
Building ASCII grid (80 cols)...
Grid: 80x40
Rendering 60 frames at 1080x1080...
Thumbnail: /var/folders/2c/620mgbc96jjc9jrn3t8qpr5m0000gn/T/tmph2iicinw/CHUM-04394.png (224KB)
  Frame 10/60
  Frame 20/60
  Frame 30/60
  Frame 40/60
  Frame 50/60
  Frame 60/60
Encoding MP4 (15fps)...
MP4: /var/folders/2c/620mgbc96jjc9jrn3t8qpr5m0000gn/T/tmph2iicinw/CHUM-04394.mp4 (4895KB / 4.78MB)
Done!
OK (4895KB)
[50/300] CHUM-04395 (Moonbird #5535)... Loading /var/folders/2c/620mgbc96jjc9jrn3t8qpr5m0000gn/T/tmp50iaqa7v/5535.png...
Building ASCII grid (80 cols)...
Grid: 80x40
Rendering 60 frames at 1080x1080...
Thumbnail: /var/folders/2c/620mgbc96jjc9jrn3t8qpr5m0000gn/T/tmp50iaqa7v/CHUM-04395.png (171KB)
  Frame 10/60
  Frame 20/60
  Frame 30/60
  Frame 40/60
  Frame 50/60
  Frame 60/60
Encoding MP4 (15fps)...
MP4: /var/folders/2c/620mgbc96jjc9jrn3t8qpr5m0000gn/T/tmp50iaqa7v/CHUM-04395.mp4 (3816KB / 3.73MB)
Done!
OK (3816KB)
[51/300] CHUM-04396 (Moonbird #8135)... Loading /var/folders/2c/620mgbc96jjc9jrn3t8qpr5m0000gn/T/tmpgn8qe0qg/8135.png...
Building ASCII grid (80 cols)...
Grid: 80x40
Rendering 60 frames at 1080x1080...
Thumbnail: /var/folders/2c/620mgbc96jjc9jrn3t8qpr5m0000gn/T/tmpgn8qe0qg/CHUM-04396.png (235KB)
  Frame 10/60
  Frame 20/60
  Frame 30/60
  Frame 40/60
  Frame 50/60
  Frame 60/60
Encoding MP4 (15fps)...
MP4: /var/folders/2c/620mgbc96jjc9jrn3t8qpr5m0000gn/T/tmpgn8qe0qg/CHUM-04396.mp4 (4602KB / 4.49MB)
Done!
OK (4602KB)
[52/300] CHUM-04397 (Moonbird #824)... Loading /var/folders/2c/620mgbc96jjc9jrn3t8qpr5m0000gn/T/tmpfd5opung/824.png...
Building ASCII grid (80 cols)...
Grid: 80x40
Rendering 60 frames at 1080x1080...
Thumbnail: /var/folders/2c/620mgbc96jjc9jrn3t8qpr5m0000gn/T/tmpfd5opung/CHUM-04397.png (177KB)
  Frame 10/60
  Frame 20/60
  Frame 30/60
  Frame 40/60
  Frame 50/60
  Frame 60/60
Encoding MP4 (15fps)...
MP4: /var/folders/2c/620mgbc96jjc9jrn3t8qpr5m0000gn/T/tmpfd5opung/CHUM-04397.mp4 (3611KB / 3.53MB)
Done!
OK (3611KB)
[53/300] CHUM-04398 (Moonbird #9864)... Loading /var/folders/2c/620mgbc96jjc9jrn3t8qpr5m0000gn/T/tmpru_t1ueq/9864.png...
Building ASCII grid (80 cols)...
Grid: 80x40
Rendering 60 frames at 1080x1080...
Thumbnail: /var/folders/2c/620mgbc96jjc9jrn3t8qpr5m0000gn/T/tmpru_t1ueq/CHUM-04398.png (154KB)
  Frame 10/60
  Frame 20/60
  Frame 30/60
  Frame 40/60
  Frame 50/60
  Frame 60/60
Encoding MP4 (15fps)...
MP4: /var/folders/2c/620mgbc96jjc9jrn3t8qpr5m0000gn/T/tmpru_t1ueq/CHUM-04398.mp4 (3395KB / 3.32MB)
Done!
OK (3395KB)
[54/300] CHUM-04399 (Moonbird #7523)... Loading /var/folders/2c/620mgbc96jjc9jrn3t8qpr5m0000gn/T/tmp566qym5x/7523.png...
Building ASCII grid (80 cols)...
Grid: 80x40
Rendering 60 frames at 1080x1080...
Thumbnail: /var/folders/2c/620mgbc96jjc9jrn3t8qpr5m0000gn/T/tmp566qym5x/CHUM-04399.png (241KB)
  Frame 10/60
  Frame 20/60
  Frame 30/60
  Frame 40/60
  Frame 50/60
  Frame 60/60
Encoding MP4 (15fps)...
MP4: /var/folders/2c/620mgbc96jjc9jrn3t8qpr5m0000gn/T/tmp566qym5x/CHUM-04399.mp4 (5172KB / 5.05MB)
Done!
OK (5172KB)
[55/300] CHUM-04400 (Moonbird #3186)... Loading /var/folders/2c/620mgbc96jjc9jrn3t8qpr5m0000gn/T/tmp349_4an1/3186.png...
Building ASCII grid (80 cols)...
Grid: 80x40
Rendering 60 frames at 1080x1080...
Thumbnail: /var/folders/2c/620mgbc96jjc9jrn3t8qpr5m0000gn/T/tmp349_4an1/CHUM-04400.png (251KB)
  Frame 10/60
  Frame 20/60
  Frame 30/60
  Frame 40/60
  Frame 50/60
  Frame 60/60
Encoding MP4 (15fps)...
MP4: /var/folders/2c/620mgbc96jjc9jrn3t8qpr5m0000gn/T/tmp349_4an1/CHUM-04400.mp4 (4803KB / 4.69MB)
Done!
OK (4803KB)
[56/300] CHUM-04401 (Moonbird #4279)... Loading /var/folders/2c/620mgbc96jjc9jrn3t8qpr5m0000gn/T/tmpfjg09xba/4279.png...
Building ASCII grid (80 cols)...
Grid: 80x40
Rendering 60 frames at 1080x1080...
Thumbnail: /var/folders/2c/620mgbc96jjc9jrn3t8qpr5m0000gn/T/tmpfjg09xba/CHUM-04401.png (250KB)
  Frame 10/60
  Frame 20/60
  Frame 30/60
  Frame 40/60
  Frame 50/60
  Frame 60/60
Encoding MP4 (15fps)...
MP4: /var/folders/2c/620mgbc96jjc9jrn3t8qpr5m0000gn/T/tmpfjg09xba/CHUM-04401.mp4 (4082KB / 3.99MB)
Done!
OK (4082KB)
[57/300] CHUM-04402 (Moonbird #2291)... Loading /var/folders/2c/620mgbc96jjc9jrn3t8qpr5m0000gn/T/tmpq_6s43uk/2291.png...
Building ASCII grid (80 cols)...
Grid: 80x40
Rendering 60 frames at 1080x1080...
Thumbnail: /var/folders/2c/620mgbc96jjc9jrn3t8qpr5m0000gn/T/tmpq_6s43uk/CHUM-04402.png (211KB)
  Frame 10/60
  Frame 20/60
  Frame 30/60
  Frame 40/60
  Frame 50/60
  Frame 60/60
Encoding MP4 (15fps)...
MP4: /var/folders/2c/620mgbc96jjc9jrn3t8qpr5m0000gn/T/tmpq_6s43uk/CHUM-04402.mp4 (3667KB / 3.58MB)
Done!
OK (3667KB)
[58/300] CHUM-04403 (Moonbird #9773)... Loading /var/folders/2c/620mgbc96jjc9jrn3t8qpr5m0000gn/T/tmpqpxxbhqe/9773.png...
Building ASCII grid (80 cols)...
Grid: 80x40
Rendering 60 frames at 1080x1080...
Thumbnail: /var/folders/2c/620mgbc96jjc9jrn3t8qpr5m0000gn/T/tmpqpxxbhqe/CHUM-04403.png (296KB)
  Frame 10/60
  Frame 20/60
  Frame 30/60
  Frame 40/60
  Frame 50/60
  Frame 60/60
Encoding MP4 (15fps)...
MP4: /var/folders/2c/620mgbc96jjc9jrn3t8qpr5m0000gn/T/tmpqpxxbhqe/CHUM-04403.mp4 (5199KB / 5.08MB)
Done!
OK (5198KB)
[59/300] CHUM-04404 (Moonbird #4944)... Loading /var/folders/2c/620mgbc96jjc9jrn3t8qpr5m0000gn/T/tmpawo6c139/4944.png...
Building ASCII grid (80 cols)...
Grid: 80x40
Rendering 60 frames at 1080x1080...
Thumbnail: /var/folders/2c/620mgbc96jjc9jrn3t8qpr5m0000gn/T/tmpawo6c139/CHUM-04404.png (247KB)
  Frame 10/60
  Frame 20/60
  Frame 30/60
  Frame 40/60
  Frame 50/60
  Frame 60/60
Encoding MP4 (15fps)...
MP4: /var/folders/2c/620mgbc96jjc9jrn3t8qpr5m0000gn/T/tmpawo6c139/CHUM-04404.mp4 (4729KB / 4.62MB)
Done!
OK (4729KB)
[60/300] CHUM-04405 (Moonbird #5496)... Loading /var/folders/2c/620mgbc96jjc9jrn3t8qpr5m0000gn/T/tmpb7j2xm41/5496.png...
Building ASCII grid (80 cols)...
Grid: 80x40
Rendering 60 frames at 1080x1080...
Thumbnail: /var/folders/2c/620mgbc96jjc9jrn3t8qpr5m0000gn/T/tmpb7j2xm41/CHUM-04405.png (184KB)
  Frame 10/60
  Frame 20/60
  Frame 30/60
  Frame 40/60
  Frame 50/60
  Frame 60/60
Encoding MP4 (15fps)...
MP4: /var/folders/2c/620mgbc96jjc9jrn3t8qpr5m0000gn/T/tmpb7j2xm41/CHUM-04405.mp4 (3901KB / 3.81MB)
Done!
OK (3901KB)
[61/300] CHUM-04406 (Moonbird #7006)... Loading /var/folders/2c/620mgbc96jjc9jrn3t8qpr5m0000gn/T/tmp0kq9nuy7/7006.png...
Building ASCII grid (80 cols)...
Grid: 80x40
Rendering 60 frames at 1080x1080...
Thumbnail: /var/folders/2c/620mgbc96jjc9jrn3t8qpr5m0000gn/T/tmp0kq9nuy7/CHUM-04406.png (249KB)
  Frame 10/60
  Frame 20/60
  Frame 30/60
  Frame 40/60
  Frame 50/60
  Frame 60/60
Encoding MP4 (15fps)...
MP4: /var/folders/2c/620mgbc96jjc9jrn3t8qpr5m0000gn/T/tmp0kq9nuy7/CHUM-04406.mp4 (4950KB / 4.83MB)
Done!
OK (4949KB)
[62/300] CHUM-04407 (Moonbird #6257)... Loading /var/folders/2c/620mgbc96jjc9jrn3t8qpr5m0000gn/T/tmpl9nn17mu/6257.png...
Building ASCII grid (80 cols)...
Grid: 80x40
Rendering 60 frames at 1080x1080...
Thumbnail: /var/folders/2c/620mgbc96jjc9jrn3t8qpr5m0000gn/T/tmpl9nn17mu/CHUM-04407.png (229KB)
  Frame 10/60
  Frame 20/60
  Frame 30/60
  Frame 40/60
  Frame 50/60
  Frame 60/60
Encoding MP4 (15fps)...
MP4: /var/folders/2c/620mgbc96jjc9jrn3t8qpr5m0000gn/T/tmpl9nn17mu/CHUM-04407.mp4 (4036KB / 3.94MB)
Done!
OK (4035KB)
[63/300] CHUM-04408 (Moonbird #7831)... Loading /var/folders/2c/620mgbc96jjc9jrn3t8qpr5m0000gn/T/tmp1aj4so4_/7831.png...
Building ASCII grid (80 cols)...
Grid: 80x40
Rendering 60 frames at 1080x1080...
Thumbnail: /var/folders/2c/620mgbc96jjc9jrn3t8qpr5m0000gn/T/tmp1aj4so4_/CHUM-04408.png (206KB)
  Frame 10/60
  Frame 20/60
  Frame 30/60
  Frame 40/60
  Frame 50/60
  Frame 60/60
Encoding MP4 (15fps)...
MP4: /var/folders/2c/620mgbc96jjc9jrn3t8qpr5m0000gn/T/tmp1aj4so4_/CHUM-04408.mp4 (4036KB / 3.94MB)
Done!
OK (4035KB)
[64/300] CHUM-04409 (Moonbird #151)... Loading /var/folders/2c/620mgbc96jjc9jrn3t8qpr5m0000gn/T/tmptwwpfqey/151.png...
Building ASCII grid (80 cols)...
Grid: 80x40
Rendering 60 frames at 1080x1080...
Thumbnail: /var/folders/2c/620mgbc96jjc9jrn3t8qpr5m0000gn/T/tmptwwpfqey/CHUM-04409.png (259KB)
  Frame 10/60
  Frame 20/60
  Frame 30/60
  Frame 40/60
  Frame 50/60
  Frame 60/60
Encoding MP4 (15fps)...
MP4: /var/folders/2c/620mgbc96jjc9jrn3t8qpr5m0000gn/T/tmptwwpfqey/CHUM-04409.mp4 (5148KB / 5.03MB)
Done!
OK (5147KB)
[65/300] CHUM-04410 (Moonbird #1424)... Loading /var/folders/2c/620mgbc96jjc9jrn3t8qpr5m0000gn/T/tmpczseks71/1424.png...
Building ASCII grid (80 cols)...
Grid: 80x40
Rendering 60 frames at 1080x1080...
Thumbnail: /var/folders/2c/620mgbc96jjc9jrn3t8qpr5m0000gn/T/tmpczseks71/CHUM-04410.png (194KB)
  Frame 10/60
  Frame 20/60
  Frame 30/60
  Frame 40/60
  Frame 50/60
  Frame 60/60
Encoding MP4 (15fps)...
MP4: /var/folders/2c/620mgbc96jjc9jrn3t8qpr5m0000gn/T/tmpczseks71/CHUM-04410.mp4 (3504KB / 3.42MB)
Done!
OK (3503KB)
[66/300] CHUM-04411 (Moonbird #2722)... Loading /var/folders/2c/620mgbc96jjc9jrn3t8qpr5m0000gn/T/tmptoi_5ayn/2722.png...
Building ASCII grid (80 cols)...
Grid: 80x40
Rendering 60 frames at 1080x1080...
Thumbnail: /var/folders/2c/620mgbc96jjc9jrn3t8qpr5m0000gn/T/tmptoi_5ayn/CHUM-04411.png (193KB)
  Frame 10/60
  Frame 20/60
  Frame 30/60
  Frame 40/60
  Frame 50/60
  Frame 60/60
Encoding MP4 (15fps)...
MP4: /var/folders/2c/620mgbc96jjc9jrn3t8qpr5m0000gn/T/tmptoi_5ayn/CHUM-04411.mp4 (3881KB / 3.79MB)
Done!
OK (3881KB)
[67/300] CHUM-04412 (Moonbird #2599)... Loading /var/folders/2c/620mgbc96jjc9jrn3t8qpr5m0000gn/T/tmpv9tpcfp5/2599.png...
Building ASCII grid (80 cols)...
Grid: 80x40
Rendering 60 frames at 1080x1080...
Thumbnail: /var/folders/2c/620mgbc96jjc9jrn3t8qpr5m0000gn/T/tmpv9tpcfp5/CHUM-04412.png (239KB)
  Frame 10/60
  Frame 20/60
  Frame 30/60
  Frame 40/60
  Frame 50/60
  Frame 60/60
Encoding MP4 (15fps)...
MP4: /var/folders/2c/620mgbc96jjc9jrn3t8qpr5m0000gn/T/tmpv9tpcfp5/CHUM-04412.mp4 (4563KB / 4.46MB)
Done!
OK (4563KB)
[68/300] CHUM-04413 (Moonbird #5700)... Loading /var/folders/2c/620mgbc96jjc9jrn3t8qpr5m0000gn/T/tmpjn9wule0/5700.png...
Building ASCII grid (80 cols)...
Grid: 80x40
Rendering 60 frames at 1080x1080...
Thumbnail: /var/folders/2c/620mgbc96jjc9jrn3t8qpr5m0000gn/T/tmpjn9wule0/CHUM-04413.png (193KB)
  Frame 10/60
  Frame 20/60
  Frame 30/60
  Frame 40/60
  Frame 50/60
  Frame 60/60
Encoding MP4 (15fps)...
MP4: /var/folders/2c/620mgbc96jjc9jrn3t8qpr5m0000gn/T/tmpjn9wule0/CHUM-04413.mp4 (4449KB / 4.35MB)
Done!
OK (4449KB)
[69/300] CHUM-04414 (Moonbird #9663)... Loading /var/folders/2c/620mgbc96jjc9jrn3t8qpr5m0000gn/T/tmpqbsh4em8/9663.png...
Building ASCII grid (80 cols)...
Grid: 80x40
Rendering 60 frames at 1080x1080...
Thumbnail: /var/folders/2c/620mgbc96jjc9jrn3t8qpr5m0000gn/T/tmpqbsh4em8/CHUM-04414.png (229KB)
  Frame 10/60
  Frame 20/60
  Frame 30/60
  Frame 40/60
  Frame 50/60
  Frame 60/60
Encoding MP4 (15fps)...
MP4: /var/folders/2c/620mgbc96jjc9jrn3t8qpr5m0000gn/T/tmpqbsh4em8/CHUM-04414.mp4 (4669KB / 4.56MB)
Done!
OK (4669KB)
[70/300] CHUM-04415 (Moonbird #667)... Loading /var/folders/2c/620mgbc96jjc9jrn3t8qpr5m0000gn/T/tmp5jxr08ex/667.png...
Building ASCII grid (80 cols)...
Grid: 80x40
Rendering 60 frames at 1080x1080...
Thumbnail: /var/folders/2c/620mgbc96jjc9jrn3t8qpr5m0000gn/T/tmp5jxr08ex/CHUM-04415.png (228KB)
  Frame 10/60
  Frame 20/60
  Frame 30/60
  Frame 40/60
  Frame 50/60
  Frame 60/60
Encoding MP4 (15fps)...
MP4: /var/folders/2c/620mgbc96jjc9jrn3t8qpr5m0000gn/T/tmp5jxr08ex/CHUM-04415.mp4 (4871KB / 4.76MB)
Done!
OK (4870KB)
[71/300] CHUM-04416 (Moonbird #21)... Loading /var/folders/2c/620mgbc96jjc9jrn3t8qpr5m0000gn/T/tmpwt_4iyuv/21.png...
Building ASCII grid (80 cols)...
Grid: 80x40
Rendering 60 frames at 1080x1080...
Thumbnail: /var/folders/2c/620mgbc96jjc9jrn3t8qpr5m0000gn/T/tmpwt_4iyuv/CHUM-04416.png (159KB)
  Frame 10/60
  Frame 20/60
  Frame 30/60
  Frame 40/60
  Frame 50/60
  Frame 60/60
Encoding MP4 (15fps)...
MP4: /var/folders/2c/620mgbc96jjc9jrn3t8qpr5m0000gn/T/tmpwt_4iyuv/CHUM-04416.mp4 (3494KB / 3.41MB)
Done!
OK (3493KB)
[72/300] CHUM-04417 (Moonbird #4655)... Loading /var/folders/2c/620mgbc96jjc9jrn3t8qpr5m0000gn/T/tmp0uyx1a5d/4655.png...
Building ASCII grid (80 cols)...
Grid: 80x40
Rendering 60 frames at 1080x1080...
Thumbnail: /var/folders/2c/620mgbc96jjc9jrn3t8qpr5m0000gn/T/tmp0uyx1a5d/CHUM-04417.png (163KB)
  Frame 10/60
  Frame 20/60
  Frame 30/60
  Frame 40/60
  Frame 50/60
  Frame 60/60
Encoding MP4 (15fps)...
MP4: /var/folders/2c/620mgbc96jjc9jrn3t8qpr5m0000gn/T/tmp0uyx1a5d/CHUM-04417.mp4 (3003KB / 2.93MB)
Done!
OK (3002KB)
[73/300] CHUM-04418 (Moonbird #6496)... Loading /var/folders/2c/620mgbc96jjc9jrn3t8qpr5m0000gn/T/tmp5s_ke9zz/6496.png...
Building ASCII grid (80 cols)...
Grid: 80x40
Rendering 60 frames at 1080x1080...
Thumbnail: /var/folders/2c/620mgbc96jjc9jrn3t8qpr5m0000gn/T/tmp5s_ke9zz/CHUM-04418.png (221KB)
  Frame 10/60
  Frame 20/60
  Frame 30/60
  Frame 40/60
  Frame 50/60
  Frame 60/60
Encoding MP4 (15fps)...
MP4: /var/folders/2c/620mgbc96jjc9jrn3t8qpr5m0000gn/T/tmp5s_ke9zz/CHUM-04418.mp4 (4275KB / 4.18MB)
Done!
OK (4275KB)
[74/300] CHUM-04419 (Moonbird #1697)... Loading /var/folders/2c/620mgbc96jjc9jrn3t8qpr5m0000gn/T/tmpders1vm4/1697.png...
Building ASCII grid (80 cols)...
Grid: 80x40
Rendering 60 frames at 1080x1080...
Thumbnail: /var/folders/2c/620mgbc96jjc9jrn3t8qpr5m0000gn/T/tmpders1vm4/CHUM-04419.png (176KB)
  Frame 10/60
  Frame 20/60
  Frame 30/60
  Frame 40/60
  Frame 50/60
  Frame 60/60
Encoding MP4 (15fps)...
MP4: /var/folders/2c/620mgbc96jjc9jrn3t8qpr5m0000gn/T/tmpders1vm4/CHUM-04419.mp4 (4754KB / 4.64MB)
Done!
OK (4753KB)
[75/300] CHUM-04420 (Moonbird #5630)... Loading /var/folders/2c/620mgbc96jjc9jrn3t8qpr5m0000gn/T/tmpdihyjbp9/5630.png...
Building ASCII grid (80 cols)...
Grid: 80x40
Rendering 60 frames at 1080x1080...
Thumbnail: /var/folders/2c/620mgbc96jjc9jrn3t8qpr5m0000gn/T/tmpdihyjbp9/CHUM-04420.png (197KB)
  Frame 10/60
  Frame 20/60
  Frame 30/60
  Frame 40/60
  Frame 50/60
  Frame 60/60
Encoding MP4 (15fps)...
MP4: /var/folders/2c/620mgbc96jjc9jrn3t8qpr5m0000gn/T/tmpdihyjbp9/CHUM-04420.mp4 (3892KB / 3.80MB)
Done!
OK (3892KB)
[76/300] CHUM-04421 (Moonbird #2267)... Loading /var/folders/2c/620mgbc96jjc9jrn3t8qpr5m0000gn/T/tmpz9gnfd_d/2267.png...
Building ASCII grid (80 cols)...
Grid: 80x40
Rendering 60 frames at 1080x1080...
Thumbnail: /var/folders/2c/620mgbc96jjc9jrn3t8qpr5m0000gn/T/tmpz9gnfd_d/CHUM-04421.png (232KB)
  Frame 10/60
  Frame 20/60
  Frame 30/60
  Frame 40/60
  Frame 50/60
  Frame 60/60
Encoding MP4 (15fps)...
MP4: /var/folders/2c/620mgbc96jjc9jrn3t8qpr5m0000gn/T/tmpz9gnfd_d/CHUM-04421.mp4 (4644KB / 4.54MB)
Done!
OK (4644KB)
[77/300] CHUM-04422 (Moonbird #7423)... Loading /var/folders/2c/620mgbc96jjc9jrn3t8qpr5m0000gn/T/tmpl8305j26/7423.png...
Building ASCII grid (80 cols)...
Grid: 80x40
Rendering 60 frames at 1080x1080...
Thumbnail: /var/folders/2c/620mgbc96jjc9jrn3t8qpr5m0000gn/T/tmpl8305j26/CHUM-04422.png (183KB)
  Frame 10/60
  Frame 20/60
  Frame 30/60
  Frame 40/60
  Frame 50/60
  Frame 60/60
Encoding MP4 (15fps)...
MP4: /var/folders/2c/620mgbc96jjc9jrn3t8qpr5m0000gn/T/tmpl8305j26/CHUM-04422.mp4 (3620KB / 3.54MB)
Done!
OK (3620KB)
[78/300] CHUM-04423 (Moonbird #2621)... Loading /var/folders/2c/620mgbc96jjc9jrn3t8qpr5m0000gn/T/tmpox9eydwn/2621.png...
Building ASCII grid (80 cols)...
Grid: 80x40
Rendering 60 frames at 1080x1080...
Thumbnail: /var/folders/2c/620mgbc96jjc9jrn3t8qpr5m0000gn/T/tmpox9eydwn/CHUM-04423.png (184KB)
  Frame 10/60
  Frame 20/60
  Frame 30/60
  Frame 40/60
  Frame 50/60
  Frame 60/60
Encoding MP4 (15fps)...
MP4: /var/folders/2c/620mgbc96jjc9jrn3t8qpr5m0000gn/T/tmpox9eydwn/CHUM-04423.mp4 (4069KB / 3.97MB)
Done!
OK (4069KB)
[79/300] CHUM-04424 (Moonbird #1056)... Loading /var/folders/2c/620mgbc96jjc9jrn3t8qpr5m0000gn/T/tmp_42o4t0y/1056.png...
Building ASCII grid (80 cols)...
Grid: 80x40
Rendering 60 frames at 1080x1080...
Thumbnail: /var/folders/2c/620mgbc96jjc9jrn3t8qpr5m0000gn/T/tmp_42o4t0y/CHUM-04424.png (179KB)
  Frame 10/60
  Frame 20/60
  Frame 30/60
  Frame 40/60
  Frame 50/60
  Frame 60/60
Encoding MP4 (15fps)...
MP4: /var/folders/2c/620mgbc96jjc9jrn3t8qpr5m0000gn/T/tmp_42o4t0y/CHUM-04424.mp4 (3657KB / 3.57MB)
Done!
OK (3656KB)
[80/300] CHUM-04425 (Moonbird #3776)... Loading /var/folders/2c/620mgbc96jjc9jrn3t8qpr5m0000gn/T/tmpkfcubf4m/3776.png...
Building ASCII grid (80 cols)...
Grid: 80x40
Rendering 60 frames at 1080x1080...
Thumbnail: /var/folders/2c/620mgbc96jjc9jrn3t8qpr5m0000gn/T/tmpkfcubf4m/CHUM-04425.png (209KB)
  Frame 10/60
  Frame 20/60
  Frame 30/60
  Frame 40/60
  Frame 50/60
  Frame 60/60
Encoding MP4 (15fps)...
MP4: /var/folders/2c/620mgbc96jjc9jrn3t8qpr5m0000gn/T/tmpkfcubf4m/CHUM-04425.mp4 (4147KB / 4.05MB)
Done!
OK (4147KB)
[81/300] CHUM-04426 (Moonbird #4101)... Loading /var/folders/2c/620mgbc96jjc9jrn3t8qpr5m0000gn/T/tmpng38nrnn/4101.png...
Building ASCII grid (80 cols)...
Grid: 80x40
Rendering 60 frames at 1080x1080...
Thumbnail: /var/folders/2c/620mgbc96jjc9jrn3t8qpr5m0000gn/T/tmpng38nrnn/CHUM-04426.png (156KB)
  Frame 10/60
  Frame 20/60
  Frame 30/60
  Frame 40/60
  Frame 50/60
  Frame 60/60
Encoding MP4 (15fps)...
MP4: /var/folders/2c/620mgbc96jjc9jrn3t8qpr5m0000gn/T/tmpng38nrnn/CHUM-04426.mp4 (3817KB / 3.73MB)
Done!
OK (3816KB)
[82/300] CHUM-04427 (Moonbird #5906)... Loading /var/folders/2c/620mgbc96jjc9jrn3t8qpr5m0000gn/T/tmp2o58wwv5/5906.png...
Building ASCII grid (80 cols)...
Grid: 80x40
Rendering 60 frames at 1080x1080...
Thumbnail: /var/folders/2c/620mgbc96jjc9jrn3t8qpr5m0000gn/T/tmp2o58wwv5/CHUM-04427.png (173KB)
  Frame 10/60
  Frame 20/60
  Frame 30/60
  Frame 40/60
  Frame 50/60
  Frame 60/60
Encoding MP4 (15fps)...
MP4: /var/folders/2c/620mgbc96jjc9jrn3t8qpr5m0000gn/T/tmp2o58wwv5/CHUM-04427.mp4 (4151KB / 4.05MB)
Done!
OK (4150KB)
[83/300] CHUM-04428 (Moonbird #4331)... Loading /var/folders/2c/620mgbc96jjc9jrn3t8qpr5m0000gn/T/tmp8pq7lv3q/4331.png...
Building ASCII grid (80 cols)...
Grid: 80x40
Rendering 60 frames at 1080x1080...
Thumbnail: /var/folders/2c/620mgbc96jjc9jrn3t8qpr5m0000gn/T/tmp8pq7lv3q/CHUM-04428.png (192KB)
  Frame 10/60
  Frame 20/60
  Frame 30/60
  Frame 40/60
  Frame 50/60
  Frame 60/60
Encoding MP4 (15fps)...
MP4: /var/folders/2c/620mgbc96jjc9jrn3t8qpr5m0000gn/T/tmp8pq7lv3q/CHUM-04428.mp4 (4170KB / 4.07MB)
Done!
OK (4170KB)
[84/300] CHUM-04429 (Moonbird #6797)... Loading /var/folders/2c/620mgbc96jjc9jrn3t8qpr5m0000gn/T/tmpzi9ct9z4/6797.png...
Building ASCII grid (80 cols)...
Grid: 80x40
Rendering 60 frames at 1080x1080...
Thumbnail: /var/folders/2c/620mgbc96jjc9jrn3t8qpr5m0000gn/T/tmpzi9ct9z4/CHUM-04429.png (179KB)
  Frame 10/60
  Frame 20/60
  Frame 30/60
  Frame 40/60
  Frame 50/60
  Frame 60/60
Encoding MP4 (15fps)...
MP4: /var/folders/2c/620mgbc96jjc9jrn3t8qpr5m0000gn/T/tmpzi9ct9z4/CHUM-04429.mp4 (4692KB / 4.58MB)
Done!
OK (4692KB)
[85/300] CHUM-04430 (Moonbird #3687)... Loading /var/folders/2c/620mgbc96jjc9jrn3t8qpr5m0000gn/T/tmp_4jpexu0/3687.png...
Building ASCII grid (80 cols)...
Grid: 80x40
Rendering 60 frames at 1080x1080...
Thumbnail: /var/folders/2c/620mgbc96jjc9jrn3t8qpr5m0000gn/T/tmp_4jpexu0/CHUM-04430.png (187KB)
  Frame 10/60
  Frame 20/60
  Frame 30/60
  Frame 40/60
  Frame 50/60
  Frame 60/60
Encoding MP4 (15fps)...
MP4: /var/folders/2c/620mgbc96jjc9jrn3t8qpr5m0000gn/T/tmp_4jpexu0/CHUM-04430.mp4 (3699KB / 3.61MB)
Done!
OK (3699KB)
[86/300] CHUM-04431 (Moonbird #8353)... Loading /var/folders/2c/620mgbc96jjc9jrn3t8qpr5m0000gn/T/tmpibyhsr96/8353.png...
Building ASCII grid (80 cols)...
Grid: 80x40
Rendering 60 frames at 1080x1080...
Thumbnail: /var/folders/2c/620mgbc96jjc9jrn3t8qpr5m0000gn/T/tmpibyhsr96/CHUM-04431.png (260KB)
  Frame 10/60
  Frame 20/60
  Frame 30/60
  Frame 40/60
  Frame 50/60
  Frame 60/60
Encoding MP4 (15fps)...
MP4: /var/folders/2c/620mgbc96jjc9jrn3t8qpr5m0000gn/T/tmpibyhsr96/CHUM-04431.mp4 (4836KB / 4.72MB)
Done!
OK (4835KB)
[87/300] CHUM-04432 (Moonbird #1488)... Loading /var/folders/2c/620mgbc96jjc9jrn3t8qpr5m0000gn/T/tmp1zgm86q5/1488.png...
Building ASCII grid (80 cols)...
Grid: 80x40
Rendering 60 frames at 1080x1080...
Thumbnail: /var/folders/2c/620mgbc96jjc9jrn3t8qpr5m0000gn/T/tmp1zgm86q5/CHUM-04432.png (260KB)
  Frame 10/60
  Frame 20/60
  Frame 30/60
  Frame 40/60
  Frame 50/60
  Frame 60/60
Encoding MP4 (15fps)...
MP4: /var/folders/2c/620mgbc96jjc9jrn3t8qpr5m0000gn/T/tmp1zgm86q5/CHUM-04432.mp4 (4467KB / 4.36MB)
Done!
OK (4466KB)
[88/300] CHUM-04433 (Moonbird #1840)... Loading /var/folders/2c/620mgbc96jjc9jrn3t8qpr5m0000gn/T/tmpol_r0pv9/1840.png...
Building ASCII grid (80 cols)...
Grid: 80x40
Rendering 60 frames at 1080x1080...
Thumbnail: /var/folders/2c/620mgbc96jjc9jrn3t8qpr5m0000gn/T/tmpol_r0pv9/CHUM-04433.png (178KB)
  Frame 10/60
  Frame 20/60
  Frame 30/60
  Frame 40/60
  Frame 50/60
  Frame 60/60
Encoding MP4 (15fps)...
MP4: /var/folders/2c/620mgbc96jjc9jrn3t8qpr5m0000gn/T/tmpol_r0pv9/CHUM-04433.mp4 (3961KB / 3.87MB)
Done!
OK (3961KB)
[89/300] CHUM-04434 (Moonbird #1950)... Loading /var/folders/2c/620mgbc96jjc9jrn3t8qpr5m0000gn/T/tmpg37csj1q/1950.png...
Building ASCII grid (80 cols)...
Grid: 80x40
Rendering 60 frames at 1080x1080...
Thumbnail: /var/folders/2c/620mgbc96jjc9jrn3t8qpr5m0000gn/T/tmpg37csj1q/CHUM-04434.png (303KB)
  Frame 10/60
  Frame 20/60
  Frame 30/60
  Frame 40/60
  Frame 50/60
  Frame 60/60
Encoding MP4 (15fps)...
MP4: /var/folders/2c/620mgbc96jjc9jrn3t8qpr5m0000gn/T/tmpg37csj1q/CHUM-04434.mp4 (5190KB / 5.07MB)
Done!
OK (5189KB)
[90/300] CHUM-04435 (Moonbird #7501)... Loading /var/folders/2c/620mgbc96jjc9jrn3t8qpr5m0000gn/T/tmpyv2y9tva/7501.png...
Building ASCII grid (80 cols)...
Grid: 80x40
Rendering 60 frames at 1080x1080...
Thumbnail: /var/folders/2c/620mgbc96jjc9jrn3t8qpr5m0000gn/T/tmpyv2y9tva/CHUM-04435.png (247KB)
  Frame 10/60
  Frame 20/60
  Frame 30/60
  Frame 40/60
  Frame 50/60
  Frame 60/60
Encoding MP4 (15fps)...
MP4: /var/folders/2c/620mgbc96jjc9jrn3t8qpr5m0000gn/T/tmpyv2y9tva/CHUM-04435.mp4 (4291KB / 4.19MB)
Done!
OK (4290KB)
[91/300] CHUM-04436 (Moonbird #2075)... Loading /var/folders/2c/620mgbc96jjc9jrn3t8qpr5m0000gn/T/tmpa14e893h/2075.png...
Building ASCII grid (80 cols)...
Grid: 80x40
Rendering 60 frames at 1080x1080...
Thumbnail: /var/folders/2c/620mgbc96jjc9jrn3t8qpr5m0000gn/T/tmpa14e893h/CHUM-04436.png (145KB)
  Frame 10/60
  Frame 20/60
  Frame 30/60
  Frame 40/60
  Frame 50/60
  Frame 60/60
Encoding MP4 (15fps)...
MP4: /var/folders/2c/620mgbc96jjc9jrn3t8qpr5m0000gn/T/tmpa14e893h/CHUM-04436.mp4 (3772KB / 3.68MB)
Done!
OK (3771KB)
[92/300] CHUM-04437 (Moonbird #2925)... Loading /var/folders/2c/620mgbc96jjc9jrn3t8qpr5m0000gn/T/tmpnonc3ngh/2925.png...
Building ASCII grid (80 cols)...
Grid: 80x40
Rendering 60 frames at 1080x1080...
Thumbnail: /var/folders/2c/620mgbc96jjc9jrn3t8qpr5m0000gn/T/tmpnonc3ngh/CHUM-04437.png (225KB)
  Frame 10/60
  Frame 20/60
  Frame 30/60
  Frame 40/60
  Frame 50/60
  Frame 60/60
Encoding MP4 (15fps)...
MP4: /var/folders/2c/620mgbc96jjc9jrn3t8qpr5m0000gn/T/tmpnonc3ngh/CHUM-04437.mp4 (4636KB / 4.53MB)
Done!
OK (4636KB)
[93/300] CHUM-04438 (Moonbird #3665)... Loading /var/folders/2c/620mgbc96jjc9jrn3t8qpr5m0000gn/T/tmp8dldsehr/3665.png...
Building ASCII grid (80 cols)...
Grid: 80x40
Rendering 60 frames at 1080x1080...
Thumbnail: /var/folders/2c/620mgbc96jjc9jrn3t8qpr5m0000gn/T/tmp8dldsehr/CHUM-04438.png (259KB)
  Frame 10/60
  Frame 20/60
  Frame 30/60
  Frame 40/60
  Frame 50/60
  Frame 60/60
Encoding MP4 (15fps)...
MP4: /var/folders/2c/620mgbc96jjc9jrn3t8qpr5m0000gn/T/tmp8dldsehr/CHUM-04438.mp4 (4185KB / 4.09MB)
Done!
OK (4185KB)
[94/300] CHUM-04439 (Moonbird #2596)... Loading /var/folders/2c/620mgbc96jjc9jrn3t8qpr5m0000gn/T/tmpyop9h1eu/2596.png...
Building ASCII grid (80 cols)...
Grid: 80x40
Rendering 60 frames at 1080x1080...
Thumbnail: /var/folders/2c/620mgbc96jjc9jrn3t8qpr5m0000gn/T/tmpyop9h1eu/CHUM-04439.png (240KB)
  Frame 10/60
  Frame 20/60
  Frame 30/60
  Frame 40/60
  Frame 50/60
  Frame 60/60
Encoding MP4 (15fps)...
MP4: /var/folders/2c/620mgbc96jjc9jrn3t8qpr5m0000gn/T/tmpyop9h1eu/CHUM-04439.mp4 (3845KB / 3.75MB)
Done!
OK (3844KB)
[95/300] CHUM-04440 (Moonbird #9462)... Loading /var/folders/2c/620mgbc96jjc9jrn3t8qpr5m0000gn/T/tmpmv4zxanm/9462.png...
Building ASCII grid (80 cols)...
Grid: 80x40
Rendering 60 frames at 1080x1080...
Thumbnail: /var/folders/2c/620mgbc96jjc9jrn3t8qpr5m0000gn/T/tmpmv4zxanm/CHUM-04440.png (135KB)
  Frame 10/60
  Frame 20/60
  Frame 30/60
  Frame 40/60
  Frame 50/60
  Frame 60/60
Encoding MP4 (15fps)...
MP4: /var/folders/2c/620mgbc96jjc9jrn3t8qpr5m0000gn/T/tmpmv4zxanm/CHUM-04440.mp4 (2948KB / 2.88MB)
Done!
OK (2948KB)
[96/300] CHUM-04441 (Moonbird #8184)... Loading /var/folders/2c/620mgbc96jjc9jrn3t8qpr5m0000gn/T/tmp5uz97ui1/8184.png...
Building ASCII grid (80 cols)...
Grid: 80x40
Rendering 60 frames at 1080x1080...
Thumbnail: /var/folders/2c/620mgbc96jjc9jrn3t8qpr5m0000gn/T/tmp5uz97ui1/CHUM-04441.png (150KB)
  Frame 10/60
  Frame 20/60
  Frame 30/60
  Frame 40/60
  Frame 50/60
  Frame 60/60
Encoding MP4 (15fps)...
MP4: /var/folders/2c/620mgbc96jjc9jrn3t8qpr5m0000gn/T/tmp5uz97ui1/CHUM-04441.mp4 (3364KB / 3.29MB)
Done!
OK (3363KB)
[97/300] CHUM-04442 (Moonbird #3870)... Loading /var/folders/2c/620mgbc96jjc9jrn3t8qpr5m0000gn/T/tmpc5kxmhif/3870.png...
Building ASCII grid (80 cols)...
Grid: 80x40
Rendering 60 frames at 1080x1080...
Thumbnail: /var/folders/2c/620mgbc96jjc9jrn3t8qpr5m0000gn/T/tmpc5kxmhif/CHUM-04442.png (197KB)
  Frame 10/60
  Frame 20/60
  Frame 30/60
  Frame 40/60
  Frame 50/60
  Frame 60/60
Encoding MP4 (15fps)...
MP4: /var/folders/2c/620mgbc96jjc9jrn3t8qpr5m0000gn/T/tmpc5kxmhif/CHUM-04442.mp4 (3641KB / 3.56MB)
Done!
OK (3641KB)
[98/300] CHUM-04443 (Moonbird #2134)... Loading /var/folders/2c/620mgbc96jjc9jrn3t8qpr5m0000gn/T/tmp40qrf9sq/2134.png...
Building ASCII grid (80 cols)...
Grid: 80x40
Rendering 60 frames at 1080x1080...
Thumbnail: /var/folders/2c/620mgbc96jjc9jrn3t8qpr5m0000gn/T/tmp40qrf9sq/CHUM-04443.png (167KB)
  Frame 10/60
  Frame 20/60
  Frame 30/60
  Frame 40/60
  Frame 50/60
  Frame 60/60
Encoding MP4 (15fps)...
MP4: /var/folders/2c/620mgbc96jjc9jrn3t8qpr5m0000gn/T/tmp40qrf9sq/CHUM-04443.mp4 (4357KB / 4.25MB)
Done!
OK (4356KB)
[99/300] CHUM-04444 (Moonbird #5371)... Loading /var/folders/2c/620mgbc96jjc9jrn3t8qpr5m0000gn/T/tmp30peesii/5371.png...
Building ASCII grid (80 cols)...
Grid: 80x40
Rendering 60 frames at 1080x1080...
Thumbnail: /var/folders/2c/620mgbc96jjc9jrn3t8qpr5m0000gn/T/tmp30peesii/CHUM-04444.png (229KB)
  Frame 10/60
  Frame 20/60
  Frame 30/60
  Frame 40/60
  Frame 50/60
  Frame 60/60
Encoding MP4 (15fps)...
MP4: /var/folders/2c/620mgbc96jjc9jrn3t8qpr5m0000gn/T/tmp30peesii/CHUM-04444.mp4 (4911KB / 4.80MB)
Done!
OK (4911KB)
[100/300] CHUM-04445 (Moonbird #7514)... Loading /var/folders/2c/620mgbc96jjc9jrn3t8qpr5m0000gn/T/tmp18tynrn9/7514.png...
Building ASCII grid (80 cols)...
Grid: 80x40
Rendering 60 frames at 1080x1080...
Thumbnail: /var/folders/2c/620mgbc96jjc9jrn3t8qpr5m0000gn/T/tmp18tynrn9/CHUM-04445.png (106KB)
  Frame 10/60
  Frame 20/60
  Frame 30/60
  Frame 40/60
  Frame 50/60
  Frame 60/60
Encoding MP4 (15fps)...
MP4: /var/folders/2c/620mgbc96jjc9jrn3t8qpr5m0000gn/T/tmp18tynrn9/CHUM-04445.mp4 (2227KB / 2.18MB)
Done!
OK (2227KB)
[101/300] CHUM-04446 (Moonbird #4555)... Loading /var/folders/2c/620mgbc96jjc9jrn3t8qpr5m0000gn/T/tmpxm6j26vw/4555.png...
Building ASCII grid (80 cols)...
Grid: 80x40
Rendering 60 frames at 1080x1080...
Thumbnail: /var/folders/2c/620mgbc96jjc9jrn3t8qpr5m0000gn/T/tmpxm6j26vw/CHUM-04446.png (170KB)
  Frame 10/60
  Frame 20/60
  Frame 30/60
  Frame 40/60
  Frame 50/60
  Frame 60/60
Encoding MP4 (15fps)...
MP4: /var/folders/2c/620mgbc96jjc9jrn3t8qpr5m0000gn/T/tmpxm6j26vw/CHUM-04446.mp4 (4059KB / 3.96MB)
Done!
OK (4058KB)
[102/300] CHUM-04447 (Moonbird #7585)... Loading /var/folders/2c/620mgbc96jjc9jrn3t8qpr5m0000gn/T/tmpw070w78y/7585.png...
Building ASCII grid (80 cols)...
Grid: 80x40
Rendering 60 frames at 1080x1080...
Thumbnail: /var/folders/2c/620mgbc96jjc9jrn3t8qpr5m0000gn/T/tmpw070w78y/CHUM-04447.png (213KB)
  Frame 10/60
  Frame 20/60
  Frame 30/60
  Frame 40/60
  Frame 50/60
  Frame 60/60
Encoding MP4 (15fps)...
MP4: /var/folders/2c/620mgbc96jjc9jrn3t8qpr5m0000gn/T/tmpw070w78y/CHUM-04447.mp4 (4256KB / 4.16MB)
Done!
OK (4255KB)
[103/300] CHUM-04448 (Moonbird #5258)... Loading /var/folders/2c/620mgbc96jjc9jrn3t8qpr5m0000gn/T/tmpednsx6_k/5258.png...
Building ASCII grid (80 cols)...
Grid: 80x40
Rendering 60 frames at 1080x1080...
Thumbnail: /var/folders/2c/620mgbc96jjc9jrn3t8qpr5m0000gn/T/tmpednsx6_k/CHUM-04448.png (178KB)
  Frame 10/60
  Frame 20/60
  Frame 30/60
  Frame 40/60
  Frame 50/60
  Frame 60/60
Encoding MP4 (15fps)...
MP4: /var/folders/2c/620mgbc96jjc9jrn3t8qpr5m0000gn/T/tmpednsx6_k/CHUM-04448.mp4 (4249KB / 4.15MB)
Done!
OK (4249KB)
[104/300] CHUM-04449 (Moonbird #7938)... Loading /var/folders/2c/620mgbc96jjc9jrn3t8qpr5m0000gn/T/tmpu8633f7v/7938.png...
Building ASCII grid (80 cols)...
Grid: 80x40
Rendering 60 frames at 1080x1080...
Thumbnail: /var/folders/2c/620mgbc96jjc9jrn3t8qpr5m0000gn/T/tmpu8633f7v/CHUM-04449.png (189KB)
  Frame 10/60
  Frame 20/60
  Frame 30/60
  Frame 40/60
  Frame 50/60
  Frame 60/60
Encoding MP4 (15fps)...
MP4: /var/folders/2c/620mgbc96jjc9jrn3t8qpr5m0000gn/T/tmpu8633f7v/CHUM-04449.mp4 (4572KB / 4.46MB)
Done!
OK (4571KB)
[105/300] CHUM-04450 (Moonbird #6491)... Loading /var/folders/2c/620mgbc96jjc9jrn3t8qpr5m0000gn/T/tmpttpk9mxu/6491.png...
Building ASCII grid (80 cols)...
Grid: 80x40
Rendering 60 frames at 1080x1080...
Thumbnail: /var/folders/2c/620mgbc96jjc9jrn3t8qpr5m0000gn/T/tmpttpk9mxu/CHUM-04450.png (182KB)
  Frame 10/60
  Frame 20/60
  Frame 30/60
  Frame 40/60
  Frame 50/60
  Frame 60/60
Encoding MP4 (15fps)...
MP4: /var/folders/2c/620mgbc96jjc9jrn3t8qpr5m0000gn/T/tmpttpk9mxu/CHUM-04450.mp4 (3675KB / 3.59MB)
Done!
OK (3674KB)
[106/300] CHUM-04451 (Moonbird #8163)... Loading /var/folders/2c/620mgbc96jjc9jrn3t8qpr5m0000gn/T/tmpzlcrvs07/8163.png...
Building ASCII grid (80 cols)...
Grid: 80x40
Rendering 60 frames at 1080x1080...
Thumbnail: /var/folders/2c/620mgbc96jjc9jrn3t8qpr5m0000gn/T/tmpzlcrvs07/CHUM-04451.png (205KB)
  Frame 10/60
  Frame 20/60
  Frame 30/60
  Frame 40/60
  Frame 50/60
  Frame 60/60
Encoding MP4 (15fps)...
MP4: /var/folders/2c/620mgbc96jjc9jrn3t8qpr5m0000gn/T/tmpzlcrvs07/CHUM-04451.mp4 (4333KB / 4.23MB)
Done!
OK (4333KB)
[107/300] CHUM-04452 (Moonbird #3609)... Loading /var/folders/2c/620mgbc96jjc9jrn3t8qpr5m0000gn/T/tmpvo60hv3_/3609.png...
Building ASCII grid (80 cols)...
Grid: 80x40
Rendering 60 frames at 1080x1080...
Thumbnail: /var/folders/2c/620mgbc96jjc9jrn3t8qpr5m0000gn/T/tmpvo60hv3_/CHUM-04452.png (194KB)
  Frame 10/60
  Frame 20/60
  Frame 30/60
  Frame 40/60
  Frame 50/60
  Frame 60/60
Encoding MP4 (15fps)...
MP4: /var/folders/2c/620mgbc96jjc9jrn3t8qpr5m0000gn/T/tmpvo60hv3_/CHUM-04452.mp4 (3868KB / 3.78MB)
Done!
OK (3867KB)
[108/300] CHUM-04453 (Moonbird #3376)... 